2025-08-01 01:09:29.369 318 Loaded 0 items
2025-08-01 01:09:29.372 318 Sync manager initialized: redroid/redroid_x86_64/redroid_x86_64:11/RD2A.211001.002/eng.frank.20240527.144006:userdebug/test-keys
2025-08-01 01:09:29.434 318 onStartUser: user=0
2025-08-01 01:09:29.529 318 scheduleSync: no accounts configured, dropping
2025-08-01 01:09:29.537 318 scheduleSync: no accounts configured, dropping
2025-08-01 01:09:29.537 318 scheduleSync: no accounts configured, dropping
2025-08-01 01:09:29.557 318 scheduleSync: no accounts configured, dropping
2025-08-01 01:09:29.565 318 scheduleSync: no accounts configured, dropping
2025-08-01 01:09:29.565 318 scheduleSync: no accounts configured, dropping
2025-08-01 01:09:29.568 318 scheduleSync: no accounts configured, dropping
2025-08-01 01:09:29.611 318 scheduleSync: no accounts configured, dropping
2025-08-01 01:09:29.615 318 scheduleSync: no accounts configured, dropping
2025-08-01 01:09:29.668 318 scheduleSync: no accounts configured, dropping
2025-08-01 01:09:29.732 318 scheduleSync: no accounts configured, dropping
2025-08-01 01:09:29.780 318 rescheduleSyncs() ep=ALL ACCS/ALL PDRS:u-1 why=network reconnect
2025-08-01 01:09:29.780 318 Loaded persisted syncs: 0 periodic syncs, 0 oneshot syncs, 13 total system server jobs, JobStats: FirstLoad: 4/4/0 LastSave: -1/-1/-1
2025-08-01 01:09:29.883 318 onUnlockUser: user=0
2025-08-01 01:09:29.934 318 updateRunningAccountsH: []
2025-08-01 01:09:29.934 318 scheduleSync: no accounts configured, dropping
2025-08-01 01:09:29.947 318 scheduleSync: no accounts configured, dropping
2025-08-01 01:09:30.017 318 scheduleSync: no accounts configured, dropping
2025-08-01 01:09:30.017 318 scheduleSync: no accounts configured, dropping
2025-08-01 01:09:30.993 318 scheduleSync: no accounts configured, dropping
2025-08-01 01:09:30.993 318 scheduleSync: no accounts configured, dropping
2025-08-01 01:09:30.995 318 scheduleSync: no accounts configured, dropping
2025-08-01 01:09:30.995 318 scheduleSync: no accounts configured, dropping
2025-08-01 01:09:31.024 318 scheduleSync: no accounts configured, dropping
2025-08-01 01:09:31.024 318 scheduleSync: no accounts configured, dropping
2025-08-01 01:09:31.039 318 scheduleSync: no accounts configured, dropping
2025-08-01 01:09:31.101 318 scheduleSync: no accounts configured, dropping
2025-08-01 01:09:31.101 318 scheduleSync: no accounts configured, dropping
2025-08-01 01:09:31.114 318 scheduleSync: no accounts configured, dropping
2025-08-01 01:09:31.156 318 scheduleSync: no accounts configured, dropping
2025-08-01 01:09:31.156 318 scheduleSync: no accounts configured, dropping
